2025-07-23T21:09:01.239Z GROUP: stavilinski(101) logged in - XOX
2025-07-23T21:13:39.549Z GROUP: stavilinski(101) logged out
2025-07-23T21:39:46.870Z GROUP: stavilinski(63) logged in - XOX
2025-07-23T21:50:52.623Z GROUP: stavilinski(63) logged out
2025-07-24T00:21:41.980Z GROUP: metamorfosta(33) logged in - XOX
2025-07-24T01:00:46.463Z GROUP: stavilinski(46) logged out
2025-07-24T01:09:16.411Z GROUP: stavilinski(46) logged in - XOX
2025-07-24T01:23:32.166Z GROUP: stavilinski(46) logged out
2025-07-24T01:36:10.777Z GROUP: stavilinski(43) logged in - XOX
2025-07-24T01:42:48.494Z GROUP: stavilinski(43) logged out
2025-07-24T10:23:01.469Z GROUP: metamorfosta(60) logged in - XOX
2025-07-24T10:23:26.679Z GROUP: stavilinski(67) logged in - XOX
2025-07-24T10:28:30.223Z GROUP: stavilinski(67) logged out
2025-07-24T10:41:51.411Z GROUP: stavilinski(30) logged in - XOX
2025-07-24T11:02:05.001Z GROUP: stavilinski(30) logged out
2025-07-24T11:02:26.219Z GROUP: stavilinski(72) logged in - XOX
2025-07-24T11:02:49.703Z GROUP: stavilinski(3450296) changed the rank of metamorfosta(3701933) from 'XOX' to 'Sin Leonida'
2025-07-24T11:17:30.583Z GROUP: stavilinski(72) logged out
2025-07-24T11:18:29.143Z GROUP: metamorfosta(60) logged in - Sin Leonida
2025-07-24T14:04:35.935Z GROUP: metamorfosta(85) logged in - Sin Leonida
2025-07-24T14:05:43.046Z GROUP: stavilinski(48) logged out
2025-07-24T14:54:20.099Z GROUP: stavilinski(35) logged in - XOX
2025-07-24T14:57:20.246Z GROUP: stavilinski(35) logged out
2025-07-24T15:05:36.770Z GROUP: stavilinski(35) logged in - XOX
2025-07-24T15:46:05.348Z GROUP: stavilinski(35) logged out
2025-07-24T16:46:35.107Z GROUP: stavilinski(60) logged in - XOX
2025-07-24T17:03:31.918Z GROUP: stavilinski(60) logged out
2025-07-24T17:14:47.631Z GROUP: stavilinski(60) logged in - XOX
2025-07-24T17:27:56.868Z GROUP: stavilinski(60) logged out
2025-07-24T17:38:08.513Z GROUP: stavilinski(62) logged in - XOX
2025-07-24T17:50:35.863Z GROUP: stavilinski(62) logged out
2025-07-24T18:21:06.380Z GROUP: stavilinski(9) logged in - XOX
2025-07-24T18:44:15.300Z GROUP: stavilinski(9) logged out
2025-07-24T19:29:04.335Z GROUP: stavilinski(1) logged in - XOX
2025-07-24T19:52:40.642Z GROUP: stavilinski(1) logged out
2025-07-24T19:52:42.665Z GROUP: stavilinski(1) logged in - XOX
2025-07-24T20:17:51.410Z GROUP: stavilinski(1) logged out
2025-07-24T20:18:04.449Z GROUP: stavilinski(1) logged in - XOX
2025-07-24T21:51:22.646Z GROUP: metamorfosta(43) logged in - Sin Leonida
2025-07-24T21:55:34.448Z GROUP: stavilinski(1) logged out
2025-07-24T23:21:28.647Z GROUP: stavilinski(70) logged in - XOX
2025-07-24T23:32:14.142Z GROUP: metamorfosta(99) logged in - Sin Leonida
2025-07-24T23:37:33.539Z GROUP: metamorfosta(5) logged in - Sin Leonida
2025-07-25T09:01:21.973Z GROUP: stavilinski(126) logged in - XOX
2025-07-25T09:02:04.686Z GROUP: stavilinski(126) logged out
2025-07-25T10:51:27.113Z GROUP: metamorfosta(91) logged in - Sin Leonida
2025-07-25T10:54:49.886Z GROUP: stavilinski(39) logged in - XOX
2025-07-25T10:56:05.048Z GROUP: stavilinski(39) logged out
2025-07-25T11:00:38.718Z GROUP: stavilinski(39) logged in - XOX
2025-07-25T11:01:07.918Z GROUP: stavilinski(39) logged out
2025-07-25T11:15:18.910Z GROUP: stavilinski(39) logged in - XOX
2025-07-25T11:16:55.845Z GROUP: stavilinski(39) logged out
2025-07-25T11:32:42.619Z GROUP: stavilinski(23) logged in - XOX
2025-07-25T11:39:51.532Z GROUP: metamorfosta(91) logged in - Sin Leonida
2025-07-25T11:43:47.946Z GROUP: metamorfosta(75) logged in - Sin Leonida
2025-07-25T11:45:20.139Z GROUP: btd.mash(145) logged in - btd mfs
2025-07-25T13:11:06.830Z GROUP: AKATB(51) logged in - No Rank
2025-07-25T13:11:06.840Z GROUP: AKATB(3702987) joined
2025-07-25T13:11:22.176Z GROUP: btd.damko(3602644) changed the rank of Eddzz(3613110) from 'No Rank' to 'j*w killer'
2025-07-25T13:11:28.975Z GROUP: btd.damko(3602644) changed the rank of btdclan@knighty(3702341) from 'No Rank' to 'j*w killer'
2025-07-25T13:11:44.798Z GROUP: btd.damko(3602644) changed the rank of AKATB(3702987) from 'No Rank' to '-'
2025-07-25T13:11:53.327Z GROUP: btd.damko(3602644) changed the rank of BringThemDead.Bot(3701080) from '' to '-'
2025-07-25T13:11:57.304Z GROUP: btd.damko(3602644) changed the role of AKATB(3702987) from 'Member' to 'Co-Leader'
2025-07-25T13:12:01.714Z GROUP: btd.damko(3602644) changed the role of BringThemDead.Bot(3701080) from 'Member' to 'Co-Leader'
2025-07-25T13:12:39.300Z GROUP: btd.damko(194) logged out
2025-07-25T13:17:35.935Z GROUP: bTd_Horny(78) logged in - 
2025-07-25T13:18:54.035Z GROUP: btd.dlt(49) logged in - j*w killer
2025-07-25T13:22:13.937Z GROUP: btd.dlt(49) logged out
2025-07-25T13:24:23.164Z GROUP: btd.damko(177) logged in - reincarnated god
2025-07-25T13:24:46.417Z GROUP: btd.damko(3602644) changed the rank of Zinnia(3608622) from 'No Rank' to 'j*w killer'
2025-07-25T13:24:55.675Z GROUP: btd.damko(3602644) changed the rank of bTd_Horny(3698565) from '' to 'j*w killer'
2025-07-25T13:26:29.646Z GROUP: mackapasteta.(59) logged in - i want anything
2025-07-25T13:28:59.827Z GROUP: btd.dlt(44) logged in - j*w killer
2025-07-25T13:29:09.434Z GROUP: btd.dlt(44) logged out
2025-07-25T13:30:04.986Z GROUP: mackapasteta.(59) logged out
2025-07-25T13:32:16.909Z GROUP: btd.mash(175) logged in - btd mfs
2025-07-25T13:34:58.645Z GROUP: btd.mash(175) logged out
2025-07-25T13:34:59.865Z GROUP: btd.mash(175) logged in - btd mfs
2025-07-25T13:35:21.609Z GROUP: btd.damko(177) logged out
2025-07-25T13:35:35.209Z GROUP: bTd_Horny(78) logged out
2025-07-25T13:38:16.014Z GROUP: btd.mash(175) logged out
2025-07-25T13:38:18.016Z GROUP: btd.mash(50) logged in - btd mfs
2025-07-25T13:38:54.865Z GROUP: btd.mash(50) logged out
2025-07-25T14:03:10.713Z GROUP: AKATB(51) logged in - -
2025-07-25T14:05:00.451Z GROUP: btd.mash(159) logged in - btd mfs
2025-07-25T14:07:18.446Z GROUP: btcscan(39) logged in - j*w killer
2025-07-25T14:18:44.369Z GROUP: CheffSkip(113) logged out
2025-07-25T14:18:46.539Z GROUP: btcscan(39) logged out
2025-07-25T14:21:47.209Z GROUP: btd.mash(159) logged out
2025-07-25T14:21:49.188Z GROUP: btd.mash(169) logged in - btd mfs
2025-07-25T14:27:28.025Z GROUP: btd.damko(161) logged out
2025-07-25T14:27:31.333Z GROUP: bTd.frieza(50) logged out
2025-07-25T14:27:37.467Z GROUP: bTd_horny(40) logged out
2025-07-25T14:31:31.546Z GROUP: bTd]sHanks(60) logged out
2025-07-25T14:37:35.676Z GROUP: btd.mash(169) logged out
2025-07-25T14:38:16.082Z GROUP: btd.mash(182) logged in - btd mfs
2025-07-25T14:46:42.155Z GROUP: btd.mash(182) logged out
2025-07-25T14:51:27.059Z GROUP: btd.mash(34) logged in - btd mfs
2025-07-25T14:51:36.122Z GROUP: btd.mash(34) logged out
2025-07-25T15:00:39.486Z GROUP: btd.mash(113) logged in - btd mfs
2025-07-25T15:05:31.711Z GROUP: bTd]sHanks(2) logged in - j*w killer
2025-07-25T15:14:55.102Z GROUP: btd.mash(113) logged out
2025-07-25T15:20:49.638Z GROUP: bTd]sHanks(2) logged out
2025-07-25T15:27:12.234Z GROUP: btd.mash(170) logged in - btd mfs
2025-07-25T16:06:08.713Z GROUP: btd.mash(170) logged out
2025-07-25T16:56:51.865Z GROUP: btd.yumii(112) logged in - j*w killer
2025-07-25T16:59:36.430Z GROUP: btd.yumii(112) logged out
2025-07-25T17:11:59.795Z GROUP: btd.mash(67) logged in - btd mfs
2025-07-25T17:15:33.929Z GROUP: btd.mash(67) logged out
2025-07-25T17:16:44.278Z GROUP: btd.mash(17) logged in - btd mfs
2025-07-25T17:16:52.217Z GROUP: bTd_horny(32) logged in - j*w killer
2025-07-25T17:18:15.762Z GROUP: bTd_horny(32) logged out
2025-07-25T17:30:32.113Z GROUP: btd.mash(17) logged out
2025-07-25T17:30:34.024Z GROUP: btd.mash(17) logged in - btd mfs
2025-07-25T17:36:51.181Z GROUP: btd.mash(17) logged out
2025-07-25T17:36:53.543Z GROUP: btd.mash(17) logged in - btd mfs
2025-07-25T17:43:37.011Z GROUP: btd.mash(17) logged out
2025-07-25T17:54:09.904Z GROUP: btd.mash(111) logged in - btd mfs
2025-07-25T18:03:29.102Z GROUP: btd.mash(111) logged out
2025-07-25T18:03:33.075Z GROUP: btd.mash(111) logged in - btd mfs
2025-07-25T18:07:36.447Z GROUP: btd.mash(111) logged out
2025-07-25T18:50:04.084Z GROUP: btd.mash(2) logged in - btd mfs
2025-07-25T18:50:33.321Z GROUP: mackapasteta.(71) logged in - i want anything
2025-07-25T18:50:38.180Z GROUP: btd.damko(115) logged in - reincarnated god
2025-07-25T19:08:07.833Z GROUP: btd.damko(115) logged out
2025-07-25T19:10:15.709Z GROUP: mackapasteta.(71) logged out
2025-07-25T19:40:22.823Z GROUP: BringThemDead.Bot(70) logged out
2025-07-25T19:40:26.664Z GROUP: BringThemDead.Bot(70) logged in - -
2025-07-25T19:47:36.759Z GROUP: btd.mash(2) logged out
2025-07-25T19:59:20.729Z GROUP: btd.mash(53) logged in - btd mfs
2025-07-25T21:11:44.824Z GROUP: belbix(58) logged in - j*w killer
2025-07-25T21:12:46.154Z GROUP: belbix(58) logged out
2025-07-26T00:00:40.709Z GROUP: mash.4fun(7) logged in - HonourableFuN
2025-07-26T13:49:27.937Z GROUP: btd.mash(54) logged out
2025-07-26T14:15:03.405Z GROUP: btd.mash(62) logged in - btd mfs
2025-07-26T14:22:04.283Z GROUP: btd.mash(62) logged out
2025-07-26T14:22:06.301Z GROUP: btd.mash(62) logged in - btd mfs
2025-07-26T14:47:53.439Z GROUP: btd.mash(62) logged out
2025-07-26T14:51:30.399Z GROUP: btd.mash(62) logged in - btd mfs
2025-07-26T14:51:52.094Z GROUP: tubson(123) logged in - j*w killer
2025-07-26T14:51:54.086Z GROUP: bTd.frieza(130) logged in - j*w killer
2025-07-26T14:51:54.225Z GROUP: glitchy(151) logged in - j*w killer
2025-07-26T14:53:49.289Z GROUP: AKATB(45) logged in - -
2025-07-26T14:54:04.001Z GROUP: tubson(123) logged out
2025-07-26T14:54:06.888Z GROUP: btd.mash(21) logged in - btd mfs
2025-07-26T15:18:13.344Z GROUP: btd.mash(21) logged out
2025-07-26T16:03:48.717Z GROUP: YouOnlyLiveOnce(28) logged in - my daddy
2025-07-26T16:04:11.644Z GROUP: btd.mash(147) logged in - btd mfs
2025-07-26T16:04:39.742Z GROUP: [bTd]Chain(12) logged in - reincarnated god
2025-07-26T16:04:41.797Z GROUP: hunteech(120) logged in - j*w killer
2025-07-26T16:06:47.316Z GROUP: mackapasteta.(117) logged in - i want anything
2025-07-26T16:12:02.952Z GROUP: [bTd]Chain(12) logged out
2025-07-26T16:13:17.009Z GROUP: bTd]Felux(31) logged in - j*w killer
2025-07-26T16:13:30.222Z GROUP: [bTd]Chain(116) logged in - reincarnated god
2025-07-26T16:13:35.795Z GROUP: bTd]Tamara(62) logged in - j*w killer
2025-07-26T16:17:12.733Z GROUP: btd_jaim0nsta(155) logged in - reincarnated god
2025-07-26T16:17:24.633Z GROUP: bTd]Tamara(62) logged out
2025-07-26T16:18:05.611Z GROUP: bTd]Tamara(19) logged in - j*w killer
2025-07-26T16:19:56.337Z GROUP: bTd]Tamara(19) logged out
2025-07-26T16:22:00.954Z GROUP: AndreiPorno(15) logged in - btd mfs
2025-07-26T16:35:52.564Z GROUP: YouOnlyLiveOnce(28) logged out
2025-07-26T16:36:08.395Z GROUP: YouOnlyLiveOnce(70) logged in - my daddy
2025-07-26T16:36:33.518Z GROUP: MGU[K](119) logged in - j*w killer
2025-07-26T16:37:48.266Z GROUP: mackapasteta.(117) logged out
2025-07-26T16:38:25.181Z GROUP: mackapasteta.(169) logged in - i want anything
2025-07-26T16:42:00.163Z GROUP: AndreiPorno(15) logged out
2025-07-26T16:42:36.443Z GROUP: YouOnlyLiveOnce(70) logged out
2025-07-26T16:43:21.569Z GROUP: [bTd]Chain(116) logged out
2025-07-26T16:46:14.813Z GROUP: btd_jaim0nsta(155) logged out
2025-07-26T16:48:15.076Z GROUP: bTd]Felux(31) logged out
2025-07-26T16:49:29.735Z GROUP: MGU[K](119) logged out
2025-07-26T16:50:02.753Z GROUP: MGU[K](22) logged in - j*w killer
2025-07-26T16:50:10.017Z GROUP: hunteech(120) logged out
2025-07-26T16:57:42.254Z GROUP: mackapasteta.(169) logged out
2025-07-26T16:58:18.483Z GROUP: neggernugget(136) logged in - j*w killer
2025-07-26T17:03:23.641Z GROUP: MGU[K](22) logged out
2025-07-26T17:16:20.248Z GROUP: btd.mash(147) logged out
2025-07-26T17:16:35.899Z GROUP: neggernugget(136) logged out
2025-07-26T18:58:33.364Z GROUP: mackapasteta.(32) logged in - i want anything
2025-07-26T19:00:26.506Z GROUP: mackapasteta.(32) logged out
2025-07-26T19:00:52.030Z GROUP: btd.mash(84) logged in - btd mfs
2025-07-26T19:02:45.920Z GROUP: btd.mash(84) logged out
2025-07-26T20:05:24.224Z GROUP: AKATB(140) logged in - -
2025-07-26T20:08:57.065Z GROUP: btd.mash(19) logged in - btd mfs
2025-07-26T22:38:12.913Z GROUP: AKATB(105) logged in - -
2025-07-26T23:10:28.026Z GROUP: btd.mash(66) logged out
2025-07-26T23:42:19.373Z GROUP: btd.mash(89) logged in - btd mfs
2025-07-26T23:49:52.710Z GROUP: btd.mash(89) logged out
2025-07-26T23:50:03.151Z GROUP: btd.mash(3) logged in - btd mfs
2025-07-26T23:53:20.487Z GROUP: btd.mash(3) logged out
2025-07-26T23:58:34.358Z GROUP: AKATB(7) logged in - -
2025-07-27T01:03:22.664Z GROUP: btd.mash(26) logged in - btd mfs
2025-07-27T01:03:23.726Z GROUP: AURORA]Jest(31) logged in - j*w killer
2025-07-27T01:04:31.067Z GROUP: CHeffSkip(55) logged in - No Rank
2025-07-27T01:04:34.737Z GROUP: Kyuss(75) logged in - j*w killer
2025-07-27T01:05:41.210Z GROUP: Kyuss(75) logged out
2025-07-27T01:05:45.841Z GROUP: AURORA]Jest(31) logged out
2025-07-27T01:06:11.353Z GROUP: AURORA]Jest(93) logged in - j*w killer
2025-07-27T01:06:33.138Z GROUP: Kyuss(53) logged in - j*w killer
2025-07-27T01:13:05.012Z GROUP: AURORA]Jest(93) logged out
2025-07-27T01:20:28.697Z GROUP: btd.mash(26) logged out
2025-07-27T01:20:52.367Z GROUP: CHeffSkip(55) logged out
2025-07-27T01:21:15.668Z GROUP: Kyuss(53) logged out
2025-07-27T09:07:30.851Z GROUP: btd.mash(29) logged out
2025-07-27T10:03:15.576Z GROUP: btd.mash(170) logged in - btd mfs
2025-07-27T10:32:59.846Z GROUP: btd.mash(170) logged out
2025-07-27T10:37:45.056Z GROUP: AKATB(133) logged in - -
2025-07-27T11:16:30.853Z GROUP: AKATB(88) logged in - -
2025-07-27T12:56:55.837Z GROUP: AKATB(39) logged in - -
2025-07-27T12:58:19.609Z GROUP: AndreiPorno(150) logged in - btd mfs
2025-07-27T12:59:01.024Z GROUP: AndreiPorno(3598527) invited melancholia(3703380)
2025-07-27T12:59:02.862Z GROUP: melancholia(154) logged in - No Rank
2025-07-27T12:59:02.875Z GROUP: melancholia(3703380) joined
2025-07-27T12:59:12.091Z GROUP: AndreiPorno(3598527) changed the role of melancholia(3703380) from 'Member' to 'Co-Leader'
2025-07-27T12:59:22.078Z GROUP: AndreiPorno(3598527) changed the rank of melancholia(3703380) from 'No Rank' to 'hm owner'
2025-07-27T13:00:40.504Z GROUP: btd.mash(20) logged in - btd mfs
2025-07-27T13:01:04.770Z GROUP: btd.mash(20) logged out
2025-07-27T13:01:08.345Z GROUP: AndreiPorno(150) logged out
2025-07-27T13:01:13.717Z GROUP: btd.mash(210) logged in - btd mfs
2025-07-27T13:01:25.429Z GROUP: AndreiPorno(10) logged in - btd mfs
2025-07-27T13:03:00.664Z GROUP: btd.dlt(183) logged in - j*w killer
2025-07-27T13:05:35.048Z GROUP: rayon.btd(49) logged in - j*w killer
2025-07-27T13:09:18.137Z GROUP: YouOnlyLiveOnce(26) logged in - my daddy
2025-07-27T13:10:24.785Z GROUP: melancholia(154) logged out
2025-07-27T13:10:40.112Z GROUP: melancholia(52) logged in - hm owner
2025-07-27T13:11:26.313Z GROUP: mackapasteta.(180) logged in - i want anything
2025-07-27T13:13:57.904Z GROUP: CheffSkip(48) logged in - No Rank
2025-07-27T13:16:02.426Z GROUP: AKATB(39) logged in - -
2025-07-27T13:17:39.029Z GROUP: AKATB(122) logged in - -
2025-07-27T13:18:32.367Z GROUP: melancholia(52) logged out
2025-07-27T13:18:48.270Z GROUP: melancholia(239) logged in - hm owner
2025-07-27T13:21:15.887Z GROUP: btd.yumii(118) logged in - j*w killer
2025-07-27T13:21:43.964Z GROUP: AndreiPorno(10) logged out
2025-07-27T13:22:39.098Z GROUP: AndreiPorno(65) logged in - btd mfs
2025-07-27T13:24:22.489Z GROUP: mackapasteta.(180) logged out
2025-07-27T13:24:33.976Z GROUP: btd.mash(210) logged out
2025-07-27T13:24:53.126Z GROUP: mackapasteta.(180) logged in - i want anything
2025-07-27T13:25:07.462Z GROUP: rayon.btd(49) logged out
2025-07-27T13:25:29.109Z GROUP: btd.dlt(183) logged out
2025-07-27T13:26:31.355Z GROUP: geek(185) logged in - j*w killer
2025-07-27T13:28:18.334Z GROUP: YouOnlyLiveOnce(26) logged out
2025-07-27T13:28:41.350Z GROUP: geek(185) logged out
2025-07-27T13:34:46.910Z GROUP: CheffSkip(48) logged out
2025-07-27T13:36:22.192Z GROUP: AndreiPorno(65) logged out
2025-07-27T13:37:30.431Z GROUP: btd.yumii(118) logged out
2025-07-27T13:37:38.862Z GROUP: AndreiPorno(65) logged in - btd mfs
2025-07-27T13:43:12.949Z GROUP: bTd.frieza(60) logged in - j*w killer
2025-07-27T13:45:41.717Z GROUP: btd.mash(216) logged in - btd mfs
2025-07-27T13:46:01.721Z GROUP: rayon.btd(49) logged in - j*w killer
2025-07-27T13:47:03.858Z GROUP: Xypho(41) logged in - j*w killer
2025-07-27T13:52:44.370Z GROUP: Mr.Droo](147) logged in - j*w killer
2025-07-27T13:52:52.105Z GROUP: BringThemDead.Bot(5) logged out
2025-07-27T13:52:55.781Z GROUP: BringThemDead.Bot(31) logged in - -
2025-07-27T14:06:09.060Z GROUP: melancholia(239) logged out
2025-07-27T14:08:34.703Z GROUP: btd.mash(216) logged out
2025-07-27T14:09:31.971Z GROUP: stavilinski(17) logged in - XOX
2025-07-27T14:23:44.173Z GROUP: AKATB(77) logged in - -
2025-07-27T14:24:06.928Z GROUP: rayon.btd(49) logged out
2025-07-27T14:48:47.099Z GROUP: Mr.Droo](147) logged out
2025-07-27T15:15:39.921Z GROUP: AKATB(42) logged in - -
2025-07-27T15:18:37.586Z GROUP: AKATB(27) logged in - -
2025-07-27T15:31:33.734Z GROUP: btd.mash(114) logged in - btd mfs
2025-07-27T16:56:24.194Z GROUP: AKATB(90) logged in - -
2025-07-27T16:58:41.319Z GROUP: AKATB(90) logged in - -
2025-07-27T17:01:22.223Z GROUP: AKATB(38) logged in - -
2025-07-27T17:11:44.723Z GROUP: btd.mash(14) logged out
2025-07-27T18:11:38.286Z GROUP: b7d.txycq(148) logged in - btd mfs
2025-07-27T18:19:03.259Z GROUP: b7d.txycq(148) logged out
2025-07-27T19:27:02.279Z GROUP: [bTd]Chain(154) logged in - reincarnated god
2025-07-27T19:27:06.463Z GROUP: [bTd]Chain(3698442) invited Alfino25_(3673142)
2025-07-27T19:27:15.835Z GROUP: Alfino25_(21) logged in - No Rank
2025-07-27T19:27:15.848Z GROUP: Alfino25_(3673142) joined
2025-07-27T19:27:25.725Z GROUP: [bTd]Chain(3698442) changed the rank of Alfino25_(3673142) from 'No Rank' to 'j*w killer'
2025-07-27T19:27:32.886Z GROUP: [bTd]Chain(3698442) changed the rank of CheffSkip(3703003) from 'No Rank' to 'j*w killer'
2025-07-27T19:28:22.767Z GROUP: btd.mash(90) logged in - btd mfs
2025-07-27T19:28:49.294Z GROUP: AKATB(117) logged in - -
2025-07-27T19:37:36.806Z GROUP: Alfino25_(21) logged out
2025-07-27T19:55:06.186Z GROUP: btd.mash(90) logged out
2025-07-27T20:05:55.414Z GROUP: [bTd]Chain(91) logged in - reincarnated god
2025-07-27T20:13:19.863Z GROUP: [bTd]Chain(3698442) invited Zahraa_.(3639482)
2025-07-27T20:14:12.393Z GROUP: Zahraa_.(145) logged in - No Rank
2025-07-27T20:14:12.404Z GROUP: Zahraa_.(3639482) joined
2025-07-27T20:18:28.111Z GROUP: [bTd]Chain(3698442) changed the rank of Zahraa_.(3639482) from 'No Rank' to 'j*w killer'
2025-07-27T20:18:39.002Z GROUP: [bTd]Chain(3698442) changed the role of Zahraa_.(3639482) from 'Member' to 'Co-Leader'
2025-07-27T20:18:40.480Z GROUP: [bTd]Chain(91) logged out
2025-07-27T20:20:37.297Z GROUP: Zahraa_.(145) logged out
2025-07-28T12:09:39.907Z GROUP: btd.mash(38) logged in - btd mfs
2025-07-28T12:10:08.375Z GROUP: AKATB(86) logged in - -
2025-07-28T12:41:09.598Z GROUP: btd.mash(38) logged out
2025-07-28T19:10:24.653Z GROUP: AKATB(11) logged in - -
2025-07-28T19:11:05.913Z GROUP: btd.mash(124) logged in - btd mfs
2025-07-28T19:12:32.903Z GROUP: btd.yumii(19) logged in - j*w killer
2025-07-28T19:15:31.658Z GROUP: btd.mash(124) logged out
